# JRE version: Java(TM) SE Runtime Environment (8.0_261-b12) (build 1.8.0_261-b12)
# Java VM: Java HotSpot(TM) 64-Bit Server VM (25.261-b12 mixed mode windows-amd64 compressed oops)
Heap:
 PSYoungGen      total 316416K, used 145843K [0x00000000eb180000, 0x0000000100000000, 0x0000000100000000)
  eden space 300544K, 43% used [0x00000000eb180000,0x00000000f3098560,0x00000000fd700000)
  from space 15872K, 98% used [0x00000000fd700000,0x00000000fe654858,0x00000000fe680000)
  to   space 22016K, 0% used [0x00000000fea80000,0x00000000fea80000,0x0000000100000000)
 ParOldGen       total 82432K, used 27505K [0x00000000c1400000, 0x00000000c6480000, 0x00000000eb180000)
  object space 82432K, 33% used [0x00000000c1400000,0x00000000c2edc768,0x00000000c6480000)
 Metaspace       used 70369K, capacity 74536K, committed 74712K, reserved 1114112K
  class space    used 9744K, capacity 10475K, committed 10496K, reserved 1048576K
GC Heap History (10 events):
Event: 148.916 GC heap before
{Heap before GC invocations=20 (full 4):
 PSYoungGen      total 322560K, used 6072K [0x00000000eb180000, 0x0000000100000000, 0x0000000100000000)
  eden space 302080K, 0% used [0x00000000eb180000,0x00000000eb180000,0x00000000fd880000)
  from space 20480K, 29% used [0x00000000fec00000,0x00000000ff1ee040,0x0000000100000000)
  to   space 19968K, 0% used [0x00000000fd880000,0x00000000fd880000,0x00000000fec00000)
 ParOldGen       total 82432K, used 27961K [0x00000000c1400000, 0x00000000c6480000, 0x00000000eb180000)
  object space 82432K, 33% used [0x00000000c1400000,0x00000000c2f4e520,0x00000000c6480000)
 Metaspace       used 67224K, capacity 70862K, committed 71000K, reserved 1110016K
  class space    used 9482K, capacity 10095K, committed 10112K, reserved 1048576K
Event: 149.245 GC heap after
Heap after GC invocations=20 (full 4):
 PSYoungGen      total 322560K, used 0K [0x00000000eb180000, 0x0000000100000000, 0x0000000100000000)
  eden space 302080K, 0% used [0x00000000eb180000,0x00000000eb180000,0x00000000fd880000)
  from space 20480K, 0% used [0x00000000fec00000,0x00000000fec00000,0x0000000100000000)
  to   space 19968K, 0% used [0x00000000fd880000,0x00000000fd880000,0x00000000fec00000)
 ParOldGen       total 82432K, used 26330K [0x00000000c1400000, 0x00000000c6480000, 0x00000000eb180000)
  object space 82432K, 31% used [0x00000000c1400000,0x00000000c2db6a08,0x00000000c6480000)
 Metaspace       used 67222K, capacity 70856K, committed 71000K, reserved 1110016K
  class space    used 9481K, capacity 10094K, committed 10112K, reserved 1048576K
}
Event: 152.529 GC heap before
{Heap before GC invocations=21 (full 4):
 PSYoungGen      total 322560K, used 302080K [0x00000000eb180000, 0x0000000100000000, 0x0000000100000000)
  eden space 302080K, 100% used [0x00000000eb180000,0x00000000fd880000,0x00000000fd880000)
  from space 20480K, 0% used [0x00000000fec00000,0x00000000fec00000,0x0000000100000000)
  to   space 19968K, 0% used [0x00000000fd880000,0x00000000fd880000,0x00000000fec00000)
 ParOldGen       total 82432K, used 26330K [0x00000000c1400000, 0x00000000c6480000, 0x00000000eb180000)
  object space 82432K, 31% used [0x00000000c1400000,0x00000000c2db6a08,0x00000000c6480000)
 Metaspace       used 68444K, capacity 72384K, committed 72536K, reserved 1112064K
  class space    used 9592K, capacity 10244K, committed 10368K, reserved 1048576K
Event: 152.548 GC heap after
Heap after GC invocations=21 (full 4):
 PSYoungGen      total 318976K, used 16558K [0x00000000eb180000, 0x0000000100000000, 0x0000000100000000)
  eden space 302080K, 0% used [0x00000000eb180000,0x00000000eb180000,0x00000000fd880000)
  from space 16896K, 98% used [0x00000000fd880000,0x00000000fe8ab950,0x00000000fe900000)
  to   space 21504K, 0% used [0x00000000feb00000,0x00000000feb00000,0x0000000100000000)
 ParOldGen       total 82432K, used 26338K [0x00000000c1400000, 0x00000000c6480000, 0x00000000eb180000)
  object space 82432K, 31% used [0x00000000c1400000,0x00000000c2db8a08,0x00000000c6480000)
 Metaspace       used 68444K, capacity 72384K, committed 72536K, reserved 1112064K
  class space    used 9592K, capacity 10244K, committed 10368K, reserved 1048576K
}
Event: 288.267 GC heap before
{Heap before GC invocations=22 (full 4):
 PSYoungGen      total 318976K, used 184245K [0x00000000eb180000, 0x0000000100000000, 0x0000000100000000)
  eden space 302080K, 55% used [0x00000000eb180000,0x00000000f5541ea0,0x00000000fd880000)
  from space 16896K, 98% used [0x00000000fd880000,0x00000000fe8ab950,0x00000000fe900000)
  to   space 21504K, 0% used [0x00000000feb00000,0x00000000feb00000,0x0000000100000000)
 ParOldGen       total 82432K, used 26338K [0x00000000c1400000, 0x00000000c6480000, 0x00000000eb180000)
  object space 82432K, 31% used [0x00000000c1400000,0x00000000c2db8a08,0x00000000c6480000)
 Metaspace       used 69038K, capacity 73182K, committed 73304K, reserved 1112064K
  class space    used 9648K, capacity 10358K, committed 10368K, reserved 1048576K
Event: 288.294 GC heap after
Heap after GC invocations=22 (full 4):
 PSYoungGen      total 322048K, used 9893K [0x00000000eb180000, 0x0000000100000000, 0x0000000100000000)
  eden space 300544K, 0% used [0x00000000eb180000,0x00000000eb180000,0x00000000fd700000)
  from space 21504K, 46% used [0x00000000feb00000,0x00000000ff4a9550,0x0000000100000000)
  to   space 20480K, 0% used [0x00000000fd700000,0x00000000fd700000,0x00000000feb00000)
 ParOldGen       total 82432K, used 26346K [0x00000000c1400000, 0x00000000c6480000, 0x00000000eb180000)
  object space 82432K, 31% used [0x00000000c1400000,0x00000000c2dbaa08,0x00000000c6480000)
 Metaspace       used 69038K, capacity 73182K, committed 73304K, reserved 1112064K
  class space    used 9648K, capacity 10358K, committed 10368K, reserved 1048576K
}
Event: 288.294 GC heap before
{Heap before GC invocations=23 (full 5):
 PSYoungGen      total 322048K, used 9893K [0x00000000eb180000, 0x0000000100000000, 0x0000000100000000)
  eden space 300544K, 0% used [0x00000000eb180000,0x00000000eb180000,0x00000000fd700000)
  from space 21504K, 46% used [0x00000000feb00000,0x00000000ff4a9550,0x0000000100000000)
  to   space 20480K, 0% used [0x00000000fd700000,0x00000000fd700000,0x00000000feb00000)
 ParOldGen       total 82432K, used 26346K [0x00000000c1400000, 0x00000000c6480000, 0x00000000eb180000)
  object space 82432K, 31% used [0x00000000c1400000,0x00000000c2dbaa08,0x00000000c6480000)
 Metaspace       used 69038K, capacity 73182K, committed 73304K, reserved 1112064K
  class space    used 9648K, capacity 10358K, committed 10368K, reserved 1048576K
Event: 288.613 GC heap after
Heap after GC invocations=23 (full 5):
 PSYoungGen      total 322048K, used 0K [0x00000000eb180000, 0x0000000100000000, 0x0000000100000000)
  eden space 300544K, 0% used [0x00000000eb180000,0x00000000eb180000,0x00000000fd700000)
  from space 21504K, 0% used [0x00000000feb00000,0x00000000feb00000,0x0000000100000000)
  to   space 20480K, 0% used [0x00000000fd700000,0x00000000fd700000,0x00000000feb00000)
 ParOldGen       total 82432K, used 27497K [0x00000000c1400000, 0x00000000c6480000, 0x00000000eb180000)
  object space 82432K, 33% used [0x00000000c1400000,0x00000000c2eda768,0x00000000c6480000)
 Metaspace       used 68997K, capacity 73116K, committed 73304K, reserved 1112064K
  class space    used 9642K, capacity 10347K, committed 10368K, reserved 1048576K
}
Event: 291.700 GC heap before
{Heap before GC invocations=24 (full 5):
 PSYoungGen      total 322048K, used 300524K [0x00000000eb180000, 0x0000000100000000, 0x0000000100000000)
  eden space 300544K, 99% used [0x00000000eb180000,0x00000000fd6fb048,0x00000000fd700000)
  from space 21504K, 0% used [0x00000000feb00000,0x00000000feb00000,0x0000000100000000)
  to   space 20480K, 0% used [0x00000000fd700000,0x00000000fd700000,0x00000000feb00000)
 ParOldGen       total 82432K, used 27497K [0x00000000c1400000, 0x00000000c6480000, 0x00000000eb180000)
  object space 82432K, 33% used [0x00000000c1400000,0x00000000c2eda768,0x00000000c6480000)
 Metaspace       used 70009K, capacity 74230K, committed 74456K, reserved 1114112K
  class space    used 9721K, capacity 10440K, committed 10496K, reserved 1048576K
Event: 291.721 GC heap after
Heap after GC invocations=24 (full 5):
 PSYoungGen      total 316416K, used 15698K [0x00000000eb180000, 0x0000000100000000, 0x0000000100000000)
  eden space 300544K, 0% used [0x00000000eb180000,0x00000000eb180000,0x00000000fd700000)
  from space 15872K, 98% used [0x00000000fd700000,0x00000000fe654858,0x00000000fe680000)
  to   space 22016K, 0% used [0x00000000fea80000,0x00000000fea80000,0x0000000100000000)
 ParOldGen       total 82432K, used 27505K [0x00000000c1400000, 0x00000000c6480000, 0x00000000eb180000)
  object space 82432K, 33% used [0x00000000c1400000,0x00000000c2edc768,0x00000000c6480000)
 Metaspace       used 70009K, capacity 74230K, committed 74456K, reserved 1114112K
  class space    used 9721K, capacity 10440K, committed 10496K, reserved 1048576K
}

